2015-03-04 13:32:53,153 INFO [org.geoserver] - Loaded style 'polygon'
2015-03-04 13:32:53,154 INFO [org.geoserver] - Loaded style 'raster'
2015-03-04 13:32:53,155 INFO [org.geoserver] - Loaded style 'point'
2015-03-04 13:32:53,155 INFO [org.geoserver] - Loaded style 'line'
2015-03-04 13:32:53,155 WARN [org.geoserver] - No default workspace was found.
2015-03-04 13:32:53,159 INFO [org.geoserver] - Loaded workspace 'it.geosolutions'
2015-03-04 13:32:53,173 INFO [org.geoserver] - Loaded workspace 'topp'
2015-03-04 13:32:53,174 WARN [org.geoserver] - Ignoring store directory 'props'
2015-03-04 13:32:53,174 WARN [org.geoserver] - Ignoring store directory 'tmp'
2015-03-04 13:32:53,175 WARN [org.geoserver] - Ignoring store directory 'text-base'
2015-03-04 13:32:53,175 WARN [org.geoserver] - Ignoring store directory 'prop-base'
2015-03-04 13:32:53,175 WARN [org.geoserver] - Ignoring store directory '.svn'
2015-03-04 13:32:53,175 WARN [org.geoserver] - Ignoring store directory '.svn'
2015-03-04 13:32:53,349 INFO [org.geoserver] - Loaded service 'wcs', enabled
2015-03-04 13:32:53,361 INFO [org.geoserver] - Loaded service 'wfs', enabled
2015-03-04 13:32:53,378 INFO [org.geoserver] - Loaded service 'wms', enabled
2015-03-04 13:32:53,391 INFO [storage.DefaultStorageFinder] - *******************************************************************************************************************
2015-03-04 13:32:53,391 INFO [storage.DefaultStorageFinder] - *** Found System environment variable GEOSERVER_DATA_DIR set to /home/gis/data, using it as the default prefix. ***
2015-03-04 13:32:53,391 INFO [storage.DefaultStorageFinder] - *******************************************************************************************************************
2015-03-04 13:32:53,391 INFO [config.XMLConfiguration] - Will look for geowebcache.xml in '/home/gis/data/gwc'
2015-03-04 13:32:53,431 INFO [gwc.config] - Initializing GeoServer specific GWC configuration from gwc-gs.xml
2015-03-04 13:32:53,454 INFO [org.geoserver] - GeoServer configuration lock is enabled
2015-03-04 13:32:53,577 INFO [ows.OWSHandlerMapping] - Mapped URL path [/wcs/**] onto handler 'dispatcher'
2015-03-04 13:32:53,577 INFO [ows.OWSHandlerMapping] - Mapped URL path [/wcs] onto handler 'dispatcher'
2015-03-04 13:32:53,846 INFO [ows.OWSHandlerMapping] - Mapped URL path [/wfs/*] onto handler 'dispatcher'
2015-03-04 13:32:53,846 INFO [ows.OWSHandlerMapping] - Mapped URL path [/wfs] onto handler 'dispatcher'
2015-03-04 13:32:53,846 INFO [ows.OWSHandlerMapping] - Mapped URL path [/TestWfsPost] onto handler 'wfsTestServlet'
2015-03-04 13:32:55,944 INFO [gwc.layer] - Initializing GWC configuration based on GeoServer's Catalog
2015-03-04 13:32:55,949 INFO [gwc.layer] - GeoServer TileLayer store base directory is: /home/gis/data/gwc-layers
2015-03-04 13:32:55,949 INFO [gwc.layer] - Loading tile layers from /home/gis/data/gwc-layers
2015-03-04 13:32:55,958 INFO [gwc.layer] - GWC configuration based on GeoServer's Catalog loaded successfuly
2015-03-04 13:32:55,958 INFO [layer.TileLayerDispatcher] - Configuration GeoServer Catalog Configuration contained no layers.
2015-03-04 13:32:55,959 WARN [config.XMLConfiguration] - Found no configuration file in config directory, will create one at '/home/gis/data/gwc/geowebcache.xml' from template jar:file:/u01/home/gis/install/apache-tomcat-8.0.20/webapps/geoserver/WEB-INF/lib/gwc-core-1.6.1.jar!/geowebcache_empty.xml
2015-03-04 13:32:55,994 INFO [config.XMLConfiguration] - Configuration file validated fine.
2015-03-04 13:32:55,999 INFO [config.XMLConfiguration] - Initializing GridSets from /home/gis/data/gwc
2015-03-04 13:32:55,999 INFO [config.XMLConfiguration] - Initializing layers from /home/gis/data/gwc
2015-03-04 13:32:55,999 INFO [layer.TileLayerDispatcher] - Configuration /home/gis/data/gwc contained no layers.
2015-03-04 13:32:56,018 INFO [diskquota.ConfigLoader] - DiskQuota configuration not found: /home/gis/data/gwc/geowebcache-diskquota.xml
2015-03-04 13:32:56,023 INFO [diskquota.ConfigLoader] - DiskQuota configuration not found: /home/gis/data/gwc/geowebcache-diskquota.xml
2015-03-04 13:32:56,024 INFO [diskquota.DiskQuotaMonitor] - Setting up disk quota periodic enforcement task
2015-03-04 13:32:56,025 INFO [diskquota.DiskQuotaMonitor] - 0 layers configured with their own quotas. 
2015-03-04 13:32:56,027 INFO [diskquota.DiskQuotaMonitor] - 0 layers attached to global quota 500.0 MB
2015-03-04 13:32:56,035 INFO [diskquota.DiskQuotaMonitor] - Disk quota periodic enforcement task set up every 10 SECONDS
2015-03-04 13:32:56,048 INFO [ows.OWSHandlerMapping] - Mapped URL path [/gwc/service/**] onto handler 'dispatcher'
2015-03-04 13:32:56,067 INFO [geowebcache.GeoWebCacheDispatcher] - Invoked setServletPrefix(gwc)
2015-03-04 13:32:56,075 INFO [georss.GeoRSSPoller] - Initializing GeoRSS poller in a background job...
2015-03-04 13:32:56,077 INFO [georss.GeoRSSPoller] - No enabled GeoRSS feeds found, poller will not run.
2015-03-04 13:32:56,129 INFO [rest.RESTDispatcher] - Created RESTDispatcher with 14 paths
2015-03-04 13:32:56,138 INFO [wms.WMSService] - Will NOT recombine tiles for non-tiling clients.
2015-03-04 13:32:56,138 INFO [wms.WMSService] - Will proxy requests to backend that are not getmap or getcapabilities.
2015-03-04 13:32:56,295 INFO [ows.OWSHandlerMapping] - Mapped URL path [/ows/**] onto handler 'dispatcher'
2015-03-04 13:32:56,295 INFO [ows.OWSHandlerMapping] - Mapped URL path [/ows] onto handler 'dispatcher'
2015-03-04 13:32:56,335 INFO [ows.OWSHandlerMapping] - Mapped URL path [/wms] onto handler 'dispatcher'
2015-03-04 13:32:56,335 INFO [ows.OWSHandlerMapping] - Mapped URL path [/wms/*] onto handler 'dispatcher'
2015-03-04 13:32:56,379 INFO [ows.OWSHandlerMapping] - Mapped URL path [/animate] onto handler 'dispatcher'
2015-03-04 13:32:56,379 INFO [ows.OWSHandlerMapping] - Mapped URL path [/animate/*] onto handler 'dispatcher'
2015-03-04 13:32:57,227 INFO [ows.OWSHandlerMapping] - Mapped URL path [/kml/icon/**/*] onto handler 'kmlIconService'
2015-03-04 13:32:57,227 INFO [ows.OWSHandlerMapping] - Mapped URL path [/kml/*] onto handler 'dispatcher'
2015-03-04 13:32:57,227 INFO [ows.OWSHandlerMapping] - Mapped URL path [/kml] onto handler 'dispatcher'
2015-03-04 13:32:57,395 INFO [geoserver.security] - Start security migration
2015-03-04 13:32:57,406 INFO [geoserver.security] - Information regarding the master password is in: /u01/home/gis/data/security/masterpw.info
2015-03-04 13:32:57,828 WARN [geoserver.security] - Strong cryptography is NOT available
Download and installation the of unlimted length policy files is recommended
2015-03-04 13:32:57,870 INFO [geoserver.security] - Start reloading user/grous for service named default
2015-03-04 13:32:57,872 INFO [geoserver.security] - Reloading user/groups successful for service named default
2015-03-04 13:32:57,946 WARN [geoserver.security] - Cannot find: /accessDenied.jsp
2015-03-04 13:32:57,960 WARN [geoserver.security] - Cannot find: /accessDenied.jsp
2015-03-04 13:32:57,966 WARN [geoserver.security] - Cannot find: /accessDenied.jsp
2015-03-04 13:32:57,970 WARN [geoserver.security] - Cannot find: /accessDenied.jsp
2015-03-04 13:32:57,983 INFO [geoserver.security] - Start encrypting configuration passwords using pbePasswordEncoder
2015-03-04 13:32:58,001 INFO [geoserver.security] - End encrypting configuration passwords
2015-03-04 13:32:58,012 WARN [geoserver.security] - Cannot find: /accessDenied.jsp
2015-03-04 13:32:58,024 WARN [geoserver.security] - Cannot find: /accessDenied.jsp
2015-03-04 13:32:58,029 WARN [geoserver.security] - Cannot find: /accessDenied.jsp
2015-03-04 13:32:58,035 WARN [geoserver.security] - Cannot find: /accessDenied.jsp
2015-03-04 13:32:58,039 INFO [geoserver.security] - AuthenticationCache Initialized with 1000 Max Entries, 300 seconds idle time, 600 seconds time to live and 3 concurrency level
2015-03-04 13:32:58,040 INFO [geoserver.security] - AuthenticationCache Eviction Task created to run every 600 seconds
2015-03-04 13:32:58,049 INFO [security.xml] - Successful lock: /u01/home/gis/data/security/usergroup/default/users.xml.lock
2015-03-04 13:32:58,063 INFO [security.xml] - Successful lock: /u01/home/gis/data/security/role/default/roles.xml.lock
2015-03-04 13:32:58,065 INFO [geoserver.security] - Start storing roles for service named default
2015-03-04 13:32:58,179 INFO [geoserver.security] - Storing roles successful for service named default
2015-03-04 13:32:58,180 INFO [geoserver.security] - Start reloading roles for service named default
2015-03-04 13:32:58,185 INFO [geoserver.security] - Reloading roles successful for service named default
2015-03-04 13:32:58,185 INFO [geoserver.security] - Adjusted last modified for file: security/role/default/roles.xml
2015-03-04 13:32:58,185 INFO [geoserver.security] - Start storing user/grous for service named default
2015-03-04 13:32:58,187 INFO [geoserver.security] - Storing user/grous successful for service named default
2015-03-04 13:32:58,187 INFO [geoserver.security] - Start reloading user/grous for service named default
2015-03-04 13:32:58,189 INFO [geoserver.security] - Reloading user/groups successful for service named default
2015-03-04 13:32:58,190 INFO [geoserver.security] - Adjusted last modified for file: security/usergroup/default/users.xml
2015-03-04 13:32:58,190 INFO [geoserver.security] - End security migration
2015-03-04 13:33:07,875 INFO [geoserver.security] - Start reloading user/grous for service named default
2015-03-04 13:33:07,887 INFO [geoserver.security] - Reloading user/groups successful for service named default
2015-03-04 13:33:07,887 INFO [geoserver.security] - Adjusted last modified for file: security/usergroup/default/users.xml
2015-03-04 13:33:07,887 INFO [geoserver.security] - Start reloading roles for service named default
2015-03-04 13:33:07,896 INFO [geoserver.security] - Reloading roles successful for service named default
2015-03-04 13:33:07,897 INFO [geoserver.security] - Adjusted last modified for file: security/role/default/roles.xml
2015-03-04 13:33:19,852 WARN [geoserver.web] - Unable to find property: 'format.wms.rss' for component:  [class=org.geoserver.web.demo.MapPreviewPage]
2015-03-04 13:33:19,853 WARN [geoserver.web] - Unable to find property: 'format.wms.application/vnd.google-earth.kml' for component:  [class=org.geoserver.web.demo.MapPreviewPage]
2015-03-04 13:33:25,370 WARN [geoserver.web] - Unable to find property: 'format.wms.rss' for component:  [class=org.geoserver.web.demo.MapPreviewPage]
2015-03-04 13:33:25,372 WARN [geoserver.web] - Unable to find property: 'format.wms.application/vnd.google-earth.kml' for component:  [class=org.geoserver.web.demo.MapPreviewPage]
2015-03-04 13:33:37,328 WARN [geoserver.web] - Unable to find property: 'format.wms.rss' for component:  [class=org.geoserver.web.demo.MapPreviewPage]
2015-03-04 13:33:37,329 WARN [geoserver.web] - Unable to find property: 'format.wms.application/vnd.google-earth.kml' for component:  [class=org.geoserver.web.demo.MapPreviewPage]
2015-03-04 13:33:44,207 WARN [geoserver.web] - Unable to find property: 'format.wms.rss' for component:  [class=org.geoserver.web.demo.MapPreviewPage]
2015-03-04 13:33:44,208 WARN [geoserver.web] - Unable to find property: 'format.wms.application/vnd.google-earth.kml' for component:  [class=org.geoserver.web.demo.MapPreviewPage]
2015-03-04 13:35:54,187 INFO [security.xml] - Successful lock: /u01/home/gis/data/security/usergroup/default/users.xml.lock
2015-03-04 13:35:54,193 INFO [geoserver.security] - Start storing user/grous for service named default
2015-03-04 13:35:54,195 INFO [geoserver.security] - Storing user/grous successful for service named default
2015-03-04 13:35:54,195 INFO [geoserver.security] - Start reloading user/grous for service named default
2015-03-04 13:35:54,198 INFO [geoserver.security] - Reloading user/groups successful for service named default
2015-03-04 13:35:54,198 INFO [geoserver.security] - Adjusted last modified for file: security/usergroup/default/users.xml
2015-03-04 13:35:54,202 INFO [security.xml] - Successful lock: /u01/home/gis/data/security/role/default/roles.xml.lock
2015-03-04 13:35:54,203 INFO [geoserver.security] - Start storing roles for service named default
2015-03-04 13:35:54,204 INFO [geoserver.security] - Storing roles successful for service named default
2015-03-04 13:35:54,204 INFO [geoserver.security] - Start reloading roles for service named default
2015-03-04 13:35:54,208 INFO [geoserver.security] - Reloading roles successful for service named default
2015-03-04 13:35:54,208 INFO [geoserver.security] - Adjusted last modified for file: security/role/default/roles.xml
2015-03-04 13:35:57,901 INFO [geoserver.security] - Start reloading user/grous for service named default
2015-03-04 13:35:57,904 INFO [geoserver.security] - Reloading user/groups successful for service named default
2015-03-04 13:35:57,904 INFO [geoserver.security] - Adjusted last modified for file: security/usergroup/default/users.xml
2015-03-04 13:35:57,904 INFO [geoserver.security] - Start reloading roles for service named default
2015-03-04 13:35:57,911 INFO [geoserver.security] - Reloading roles successful for service named default
2015-03-04 13:35:57,911 INFO [geoserver.security] - Adjusted last modified for file: security/role/default/roles.xml
2015-03-04 14:09:08,017 INFO [security.xml] - Successful lock: /u01/home/gis/data/security/usergroup/default/users.xml.lock
2015-03-04 14:09:08,022 INFO [geoserver.security] - Start storing user/grous for service named default
2015-03-04 14:09:08,023 INFO [geoserver.security] - Storing user/grous successful for service named default
2015-03-04 14:09:08,024 INFO [geoserver.security] - Start reloading user/grous for service named default
2015-03-04 14:09:08,027 INFO [geoserver.security] - Reloading user/groups successful for service named default
2015-03-04 14:09:08,027 INFO [geoserver.security] - Adjusted last modified for file: security/usergroup/default/users.xml
2015-03-04 14:09:08,028 INFO [security.xml] - Successful lock: /u01/home/gis/data/security/role/default/roles.xml.lock
2015-03-04 14:09:08,028 INFO [geoserver.security] - Storing unnecessary, no change for roles
2015-03-04 14:09:17,955 INFO [geoserver.security] - Start reloading user/grous for service named default
2015-03-04 14:09:17,959 INFO [geoserver.security] - Reloading user/groups successful for service named default
2015-03-04 14:09:17,959 INFO [geoserver.security] - Adjusted last modified for file: security/usergroup/default/users.xml
2015-03-04 14:18:24,706 INFO [security.xml] - Successful lock: /u01/home/gis/data/security/usergroup/default/users.xml.lock
2015-03-04 14:18:24,706 INFO [geoserver.security] - Start storing user/grous for service named default
2015-03-04 14:18:24,708 INFO [geoserver.security] - Storing user/grous successful for service named default
2015-03-04 14:18:24,708 INFO [geoserver.security] - Start reloading user/grous for service named default
2015-03-04 14:18:24,711 INFO [geoserver.security] - Reloading user/groups successful for service named default
2015-03-04 14:18:24,711 INFO [geoserver.security] - Adjusted last modified for file: security/usergroup/default/users.xml
2015-03-04 14:18:27,971 INFO [geoserver.security] - Start reloading user/grous for service named default
2015-03-04 14:18:28,049 INFO [geoserver.security] - Reloading user/groups successful for service named default
2015-03-04 14:18:28,049 INFO [geoserver.security] - Adjusted last modified for file: security/usergroup/default/users.xml
2015-03-04 14:19:48,051 INFO [geoserver.security] - Start reloading roles for service named default
2015-03-04 14:19:48,058 INFO [geoserver.security] - Reloading roles successful for service named default
2015-03-04 14:19:48,058 INFO [geoserver.security] - Adjusted last modified for file: security/role/default/roles.xml
